<?xml version="1.0" encoding="UTF-8"?>
<!-- Generated by org.testng.reporters.JUnitXMLReporter -->
<testsuite hostname="EN911195" ignored="0" tests="7" failures="1" timestamp="2021-04-06T15:51:52 COT" time="116.716" errors="0">
  <testcase name="categoriesTest" time="34.57" classname="Runner"/>
  <testcase name="filterPriceTest" time="24.534" classname="Runner"/>
  <testcase name="invalidLoginTest" time="18.03" classname="Runner"/>
  <testcase name="orderPriceTest" time="9.233" classname="Runner"/>
  <testcase name="searchTest" time="11.341" classname="Runner"/>
  <testcase name="signUpTest" time="1.784" classname="Runner">
    <failure type="java.lang.IllegalArgumentException" message="Keys to send should be a not null CharSequence">
      <![CDATA[java.lang.IllegalArgumentException: Keys to send should be a not null CharSequence
at org.openqa.selenium.remote.RemoteWebElement.sendKeys(RemoteWebElement.java:97)
at Pages.SignUpPage.register(SignUpPage.java:23)
at Runner.signUpTest(Runner.java:43)
at java.util.ArrayList.forEach(ArrayList.java:1259)
... Removed 31 stack frames]]>
    </failure>
  </testcase> <!-- signUpTest -->
  <testcase name="validLoginTest" time="11.044" classname="Runner"/>
</testsuite>
