<!DOCTYPE html PUBLIC "-//W3C//DTD XHTML 1.1//EN" "http://www.w3.org/TR/xhtml11/DTD/xhtml11.dtd">
<html xmlns="http://www.w3.org/1999/xhtml">
<head>
<meta http-equiv="content-type" content="text/html; charset=UTF-8"/>
<title>TestNG Report</title>
<style type="text/css">table {margin-bottom:10px;border-collapse:collapse;empty-cells:show}th,td {border:1px solid #009;padding:.25em .5em}th {vertical-align:bottom}td {vertical-align:top}table a {font-weight:bold}.stripe td {background-color: #E6EBF9}.num {text-align:right}.passedodd td {background-color: #3F3}.passedeven td {background-color: #0A0}.skippedodd td {background-color: #DDD}.skippedeven td {background-color: #CCC}.failedodd td,.attn {background-color: #F33}.failedeven td,.stripe .attn {background-color: #D00}.stacktrace {white-space:pre;font-family:monospace}.totop {font-size:85%;text-align:center;border-bottom:2px solid #000}.invisible {display:none}</style>
</head>
<body>
<table>
<tr><th>Test</th><th># Passed</th><th># Skipped</th><th># Retried</th><th># Failed</th><th>Time (ms)</th><th>Included Groups</th><th>Excluded Groups</th></tr>
<tr><th colspan="8">GUI Challenge Intership</th></tr>
<tr><td><a href="#t0">GUI Challenge</a></td><td class="num">4</td><td class="num">0</td><td class="num">0</td><td class="num attn">3</td><td class="num">87,861</td><td></td><td></td></tr>
</table>
<table id='summary'><thead><tr><th>Class</th><th>Method</th><th>Start</th><th>Time (ms)</th></tr></thead><tbody><tr><th colspan="4">GUI Challenge Intership</th></tr></tbody><tbody id="t0"><tr><th colspan="4">GUI Challenge &#8212; failed</th></tr><tr class="failedeven"><td rowspan="3">Runner</td><td><a href="#m0">filterPriceTest</a></td><td rowspan="1">1615910721689</td><td rowspan="1">8047</td></tr><tr class="failedeven"><td><a href="#m1">orderPriceTest</a></td><td rowspan="1">1615910753500</td><td rowspan="1">9588</td></tr><tr class="failedeven"><td><a href="#m2">signUpTest</a></td><td rowspan="1">1615910773343</td><td rowspan="1">2705</td></tr><tr><th colspan="4">GUI Challenge &#8212; passed</th></tr><tr class="passedeven"><td rowspan="4">Runner</td><td><a href="#m3">categoriesTest</a></td><td rowspan="1">1615910698566</td><td rowspan="1">23121</td></tr><tr class="passedeven"><td><a href="#m4">loginTest</a></td><td rowspan="2">1615910735746</td><td rowspan="2">17754</td></tr><tr class="passedeven"><td><a href="#m5">loginTest</a></td></tr><tr class="passedeven"><td><a href="#m6">searchTest</a></td><td rowspan="1">1615910763088</td><td rowspan="1">10255</td></tr></tbody>
</table>
<h2>GUI Challenge</h2><h3 id="m0">Runner#filterPriceTest</h3><table class="result"><tr><th>Exception</th></tr><tr><td><div class="stacktrace">java.lang.AssertionError: 
	at Runner.filterPriceTest(Runner.java:87)
	at java.util.ArrayList.forEach(Unknown Source)
... Removed 34 stack frames</div></td></tr></table><p class="totop"><a href="#summary">back to summary</a></p>
<h3 id="m1">Runner#orderPriceTest</h3><table class="result"><tr><th>Exception</th></tr><tr><td><div class="stacktrace">java.lang.AssertionError: 
	at Runner.orderPriceTest(Runner.java:96)
	at java.util.ArrayList.forEach(Unknown Source)
... Removed 34 stack frames</div></td></tr></table><p class="totop"><a href="#summary">back to summary</a></p>
<h3 id="m2">Runner#signUpTest</h3><table class="result"><tr><th>Exception</th></tr><tr><td><div class="stacktrace">org.openqa.selenium.NoSuchElementException: no such element: Unable to locate element: {&quot;method&quot;:&quot;xpath&quot;,&quot;selector&quot;:&quot;//li/div[@class=&apos;site-header__nav__link__icon&apos;]&quot;}
  (Session info: chrome=89.0.4389.90)
For documentation on this error, please visit: https://www.seleniumhq.org/exceptions/no_such_element.html
Build info: version: &apos;3.141.59&apos;, revision: &apos;e82be7d358&apos;, time: &apos;2018-11-14T08:17:03&apos;
System info: host: &apos;EN911195&apos;, ip: &apos;192.168.100.229&apos;, os.name: &apos;Windows 10&apos;, os.arch: &apos;amd64&apos;, os.version: &apos;10.0&apos;, java.version: &apos;1.8.0_281&apos;
Driver info: org.openqa.selenium.chrome.ChromeDriver
Capabilities {acceptInsecureCerts: false, browserName: chrome, browserVersion: 89.0.4389.90, chrome: {chromedriverVersion: 88.0.4324.96 (68dba2d8a0b14..., userDataDir: C:\Users\gvanegas\AppData\L...}, goog:chromeOptions: {debuggerAddress: localhost:49292}, javascriptEnabled: true, networkConnectionEnabled: false, pageLoadStrategy: normal, platform: WINDOWS, platformName: WINDOWS, proxy: Proxy(), setWindowRect: true, strictFileInteractability: false, timeouts: {implicit: 0, pageLoad: 300000, script: 30000}, unhandledPromptBehavior: dismiss and notify, webauthn:extension:largeBlob: true, webauthn:virtualAuthenticators: true}
Session ID: af4f35a37d64a66ec9e6b5bb7546949a
*** Element info: {Using=xpath, value=//li/div[@class=&apos;site-header__nav__link__icon&apos;]}
	at org.openqa.selenium.remote.http.W3CHttpResponseCodec.createException(W3CHttpResponseCodec.java:187)
	at org.openqa.selenium.remote.http.W3CHttpResponseCodec.decode(W3CHttpResponseCodec.java:122)
	at org.openqa.selenium.remote.http.W3CHttpResponseCodec.decode(W3CHttpResponseCodec.java:49)
	at org.openqa.selenium.remote.HttpCommandExecutor.execute(HttpCommandExecutor.java:158)
	at org.openqa.selenium.remote.service.DriverCommandExecutor.execute(DriverCommandExecutor.java:83)
	at org.openqa.selenium.remote.RemoteWebDriver.execute(RemoteWebDriver.java:552)
	at org.openqa.selenium.remote.RemoteWebDriver.findElement(RemoteWebDriver.java:323)
	at org.openqa.selenium.remote.RemoteWebDriver.findElementByXPath(RemoteWebDriver.java:428)
	at org.openqa.selenium.By$ByXPath.findElement(By.java:353)
	at org.openqa.selenium.remote.RemoteWebDriver.findElement(RemoteWebDriver.java:315)
	at HomePage.GetUserIcon(HomePage.java:46)
	at Runner.signUpTest(Runner.java:41)
	at java.util.ArrayList.forEach(Unknown Source)
... Removed 35 stack frames</div></td></tr></table><p class="totop"><a href="#summary">back to summary</a></p>
<h3 id="m3">Runner#categoriesTest</h3><table class="result"><tr><th class="invisible"/></tr></table><p class="totop"><a href="#summary">back to summary</a></p>
<h3 id="m4">Runner#loginTest</h3><table class="result"><tr class="param"><th>Parameter #1</th></tr><tr class="param stripe"><td>german.vanegas@endava.com</td></tr></table><p class="totop"><a href="#summary">back to summary</a></p>
<h3 id="m5">Runner#loginTest</h3><table class="result"><tr class="param"><th>Parameter #1</th></tr><tr class="param stripe"><td>invalid@mail</td></tr></table><p class="totop"><a href="#summary">back to summary</a></p>
<h3 id="m6">Runner#searchTest</h3><table class="result"><tr><th class="invisible"/></tr></table><p class="totop"><a href="#summary">back to summary</a></p>
</body>
</html>
